<?xml version="1.0" encoding="UTF-8"?>
<!-- Generated by org.testng.reporters.JUnitReportReporter -->
<testsuite skipped="0" hostname="DESKTOP-NNGQNDK" name="com.sgtesting.tests.testcases.TestingTestCases" tests="2" failures="0" timestamp="2023-01-09T15:35:35 IST" time="0.010" errors="0">
  <testcase name="testcase2" time="0.001" classname="com.sgtesting.tests.testcases.TestingTestCases"/>
  <system-out/>
  <testcase name="testcase1" time="0.009" classname="com.sgtesting.tests.testcases.TestingTestCases"/>
  <system-out/>
</testsuite> <!-- com.sgtesting.tests.testcases.TestingTestCases -->
