<?xml version="1.0" encoding="UTF-8"?>
<!-- Generated by org.testng.reporters.JUnitReportReporter -->
<testsuite hostname="DESKTOP-NNGQNDK" failures="0" tests="8" name="com.sgtesting.testngselenium.CreateUserScenarioDemo" time="40.693" errors="0" timestamp="2022-12-26T16:31:59 IST" skipped="0">
  <testcase classname="com.sgtesting.testngselenium.CreateUserScenarioDemo" name="launchBrowser" time="6.769"/>
  <system-out/>
  <testcase classname="com.sgtesting.testngselenium.CreateUserScenarioDemo" name="navigate" time="5.648"/>
  <system-out/>
  <testcase classname="com.sgtesting.testngselenium.CreateUserScenarioDemo" name="login" time="5.236"/>
  <system-out/>
  <testcase classname="com.sgtesting.testngselenium.CreateUserScenarioDemo" name="minimizeFlyOutWindow" time="2.064"/>
  <system-out/>
  <testcase classname="com.sgtesting.testngselenium.CreateUserScenarioDemo" name="createUser" time="10.166"/>
  <system-out/>
  <testcase classname="com.sgtesting.testngselenium.CreateUserScenarioDemo" name="deleteUser" time="8.291"/>
  <system-out/>
  <testcase classname="com.sgtesting.testngselenium.CreateUserScenarioDemo" name="logout" time="2.260"/>
  <system-out/>
  <testcase classname="com.sgtesting.testngselenium.CreateUserScenarioDemo" name="closeApp" time="0.259"/>
  <system-out/>
</testsuite> <!-- com.sgtesting.testngselenium.CreateUserScenarioDemo -->
